-- start_matchsubs
-- m/ERROR:  Track for database \d+ is being acquired in other transaction/
-- s/\d+/XXX/g
-- end_matchsubs
-- Test concurrent track acquisition.
1: CREATE EXTENSION IF NOT EXISTS arenadata_toolkit;
CREATE
1: SELECT arenadata_toolkit.tracking_register_db();
 tracking_register_db 
----------------------
 t                    
(1 row)
1: SELECT arenadata_toolkit.tracking_trigger_initial_snapshot();
 tracking_trigger_initial_snapshot 
-----------------------------------
 t                                 
(1 row)
1: BEGIN;
BEGIN
1: WITH segment_counts AS ( SELECT tt.segid, COUNT(*) AS cnt FROM arenadata_toolkit.tables_track tt GROUP BY tt.segid ), pg_class_count AS ( SELECT COUNT(*) AS cnt FROM pg_class c JOIN pg_namespace n ON c.relnamespace = n.oid WHERE nspname = ANY (string_to_array(current_setting('arenadata_toolkit.tracking_schemas'), ',')) AND c.relstorage = ANY (string_to_array(current_setting('arenadata_toolkit.tracking_relstorages'), ',')) AND c.relkind = ANY (string_to_array(current_setting('arenadata_toolkit.tracking_relkinds'), ',')) ) SELECT bool_and(sc.cnt = pc.cnt) FROM segment_counts sc, pg_class_count pc;
 bool_and 
----------
 t        
(1 row)

2: SELECT tt.segid, count(*) FROM arenadata_toolkit.tables_track tt GROUP BY tt.segid;
ERROR:  Track for database 24798 is being acquired in other transaction

1: ROLLBACK;
ROLLBACK

2: WITH segment_counts AS ( SELECT tt.segid, COUNT(*) AS cnt FROM arenadata_toolkit.tables_track tt GROUP BY tt.segid ), pg_class_count AS ( SELECT COUNT(*) AS cnt FROM pg_class c JOIN pg_namespace n ON c.relnamespace = n.oid WHERE nspname = ANY (string_to_array(current_setting('arenadata_toolkit.tracking_schemas'), ',')) AND c.relstorage = ANY (string_to_array(current_setting('arenadata_toolkit.tracking_relstorages'), ',')) AND c.relkind = ANY (string_to_array(current_setting('arenadata_toolkit.tracking_relkinds'), ',')) ) SELECT bool_and(sc.cnt = pc.cnt) FROM segment_counts sc, pg_class_count pc;
 bool_and 
----------
 t        
(1 row)

-- Test uncommited file creation is not seen from other transaction until the
-- first one is commited.
1: BEGIN;
BEGIN
1: CREATE TABLE tracking_t1 AS SELECT generate_series (1, 100) i DISTRIBUTED BY (i);
CREATE 100

2: SELECT relname, size, state, segid, relkind, relstorage FROM arenadata_toolkit.tables_track;
 relname                  | size  | state | segid | relkind | relstorage 
--------------------------+-------+-------+-------+---------+------------
 gp_distribution_policy   | 32768 | a     | -1    | r       | h          
 gp_policy_localoid_index | 65536 | a     | -1    | i       | h          
 gp_distribution_policy   | 32768 | a     | 1     | r       | h          
 gp_policy_localoid_index | 65536 | a     | 1     | i       | h          
 gp_distribution_policy   | 32768 | a     | 0     | r       | h          
 gp_policy_localoid_index | 65536 | a     | 0     | i       | h          
 gp_distribution_policy   | 32768 | a     | 2     | r       | h          
 gp_policy_localoid_index | 65536 | a     | 2     | i       | h          
(8 rows)

1: COMMIT;
COMMIT

2: SELECT relname, size, state, segid, relkind, relstorage FROM arenadata_toolkit.tables_track;
 relname     | size  | state | segid | relkind | relstorage 
-------------+-------+-------+-------+---------+------------
 tracking_t1 | 0     | a     | -1    | r       | h          
 tracking_t1 | 32768 | a     | 1     | r       | h          
 tracking_t1 | 32768 | a     | 0     | r       | h          
 tracking_t1 | 32768 | a     | 2     | r       | h          
(4 rows)

-- Test file creation is seen from other transaction after the first transaction
-- has taken the track.
1: BEGIN;
BEGIN
1: CREATE TABLE tracking_t2 AS SELECT generate_series (1, 100) i DISTRIBUTED BY (i);
CREATE 100
1: SELECT relname, size, state, segid, relkind, relstorage FROM arenadata_toolkit.tables_track;
 relname     | size  | state | segid | relkind | relstorage 
-------------+-------+-------+-------+---------+------------
 tracking_t2 | 32768 | a     | 1     | r       | h          
 tracking_t2 | 32768 | a     | 2     | r       | h          
 tracking_t2 | 32768 | a     | 0     | r       | h          
(3 rows)
1: COMMIT;
COMMIT

2: SELECT relname, size, state, segid, relkind, relstorage FROM arenadata_toolkit.tables_track;
 relname     | size  | state | segid | relkind | relstorage 
-------------+-------+-------+-------+---------+------------
 tracking_t2 | 0     | a     | -1    | r       | h          
 tracking_t2 | 32768 | a     | 2     | r       | h          
 tracking_t2 | 32768 | a     | 0     | r       | h          
 tracking_t2 | 32768 | a     | 1     | r       | h          
(4 rows)

1: DROP TABLE tracking_t1;
DROP
1: DROP TABLE tracking_t2;
DROP
1: SELECT arenadata_toolkit.tracking_unregister_db();
 tracking_unregister_db 
------------------------
 t                      
(1 row)
1: DROP EXTENSION arenadata_toolkit;
DROP

1q: ... <quitting>
2q: ... <quitting>

!\retcode gpconfig -r shared_preload_libraries;
(exited with code 0)
!\retcode gpconfig -r arenadata_toolkit.tracking_worker_naptime_sec;
(exited with code 0)
!\retcode gpstop -raq -M fast;
(exited with code 0)
